[toyfight.co/index.html]
[backblue.gif]
[fade.gif]
[index.html]
[toyfight.co/wp-content/uploads/2022/04/og-image.jpg]
[toyfight.co/apple-touch-icon.png]
[toyfight.co/favicon-32x32.png]
[toyfight.co/favicon-16x16.png]
[toyfight.co/wp-content/themes/toybox/js/modernizr-custom.js]
[toyfight.co/wp-json/oembed/1.0/embed506c.json]
[toyfight.co/wp-json/oembed/1.0/embed92e9]
[toyfight.co/wp-content/themes/toybox/img/cms/tinified/home-projects-nerd.png]
[toyfight.co/wp-content/themes/toybox/img/cms/tinified/home-projects-toggl.png]
[toyfight.co/wp-json/index.html]
[toyfight.co/wp-content/themes/toybox/img/cms/tinified/home-projects-toggl-mobile.png]
[toyfight.co/wp-includes/js/wp-embed.min11c4.js]
[toyfight.co/wp-content/themes/toybox/js/jquery-1.11.3.min.js]
[toyfight.co/wp-content/themes/toybox/js/preloadjs-0.6.1.min.js]
[toyfight.co/wp-content/themes/toybox/js/soundjs-0.6.1.min.js]
[toyfight.co/who/index.html]
[toyfight.co/wp-content/themes/toybox/js/jquery.smoothState.min.js]
[toyfight.co/wp-content/themes/toybox/js/greensock/TweenMax.min.js]
[toyfight.co/wp-content/themes/toybox/js/greensock/ScrollToPlugin.min.js]
[toyfight.co/what/index.html]
[toyfight.co/wp-content/themes/toybox/js/jquery.lettering.min.js]
[toyfight.co/wp-content/themes/toybox/js/countUp.js]
[toyfight.co/wp-content/themes/toybox/js/vars.js]
[toyfight.co/wp-content/themes/toybox/js/smooth-scrolling.js]
[toyfight.co/wp-content/themes/toybox/js/main.js]
[toyfight.co/work/index.html]
[toyfight.co/wp-content/themes/toybox/js/analytics.js]
[toyfight.co/wp-content/themes/toybox/js/jquery.touchSwipe.min.js]
[toyfight.co/index.html]
[toyfight.co/site.html]
[toyfight.co/safari-pinned-tab.svg]
[toyfight.co/work/nerd/index.html]
[toyfight.co/wp-content/themes/toybox/fonts/GT-Sectra-Book.eot]
[toyfight.co/work/toggl/index.html]
[toyfight.co/wp-content/themes/toybox/fonts/GT-Sectra-Book.woff]
[toyfight.co/wp-content/themes/toybox/fonts/GT-Sectra-Book.ttf]
[toyfight.co/wp-content/themes/toybox/fonts/GT-Sectra-Display-Bold.eot]
[toyfight.co/wp-content/themes/toybox/fonts/GT-Sectra-Display-Bold.woff]
[toyfight.co/wp-content/themes/toybox/fonts/GT-Sectra-Display-Bold.ttf]
[toyfight.co/wp-content/themes/toybox/fonts/f37ginger-regular-webfont.eot]
[toyfight.co/wp-content/themes/toybox/fonts/f37ginger-regular-webfontd41d.eot]
[toyfight.co/wp-content/themes/toybox/fonts/f37ginger-regular-webfont.woff]
[toyfight.co/wp-content/themes/toybox/fonts/f37ginger-regular-webfont.ttf]
[toyfight.co/wp-content/themes/toybox/fonts/f37ginger-bold-webfont.eot]
[toyfight.co/wp-content/themes/toybox/fonts/f37ginger-bold-webfontd41d.eot]
[toyfight.co/wp-content/themes/toybox/fonts/f37ginger-bold-webfont.woff]
[toyfight.co/wp-content/themes/toybox/fonts/f37ginger-bold-webfont.ttf]
[toyfight.co/wp-content/themes/toybox/img/figures/tinified/footer-rock.png]
[toyfight.co/wp-content/themes/toybox/img/figures/tinified/jonny-exploded.png]
[toyfight.co/wp-content/themes/toybox/img/figures/tinified/leigh-exploded.png]
[toyfight.co/wp-content/themes/toybox/img/figures/mob/tinified/jon-mob.png]
[toyfight.co/wp-content/themes/toybox/img/figures/mob/tinified/leigh-mob.png]
[toyfight.co/wp-content/themes/toybox/img/figures/tinified/jon-exploded-face-on-1.png]
[toyfight.co/wp-content/themes/toybox/img/figures/tinified/jon-exploded-face-on-2.png]
[toyfight.co/wp-content/themes/toybox/img/figures/tinified/jon-exploded-face-on-3.png]
[toyfight.co/wp-content/themes/toybox/img/figures/tinified/jon-exploded-face-on-4.png]
[toyfight.co/wp-content/themes/toybox/img/figures/tinified/leigh-exploded-face-on-1.png]
[toyfight.co/wp-content/themes/toybox/img/figures/tinified/leigh-exploded-face-on-2.png]
[toyfight.co/wp-content/themes/toybox/img/figures/tinified/leigh-exploded-face-on-3.png]
[toyfight.co/wp-content/themes/toybox/img/figures/tinified/leigh-exploded-face-on-4.png]
[toyfight.co/wp-content/themes/toybox/css/main.css]
[toyfight.co/wp-content/themes/toybox/img/bg/horizon-intro.jpg]
[toyfight.co/wp-content/themes/toybox/img/bg/horizon-who.jpg]
[toyfight.co/wp-content/themes/toybox/img/bg/horizon-what.jpg]
[toyfight.co/wp-content/themes/toybox/img/bg/horizon-work.jpg]
[toyfight.co/wp-content/themes/toybox/img/figures/mob/tinified/intro-figures.png]
[toyfight.co/wp-content/themes/toybox/img/figures/mob/tinified/who-figures.png]
[toyfight.co/wp-content/themes/toybox/img/figures/mob/tinified/what-figures-jonny.png]
[toyfight.co/wp-content/themes/toybox/img/figures/mob/tinified/what-figures-leigh.png]
[toyfight.co/wp-content/themes/toybox/img/figures/mob/tinified/work-figures.png]
[toyfight.co/wp-content/themes/toybox/img/figures/tinified/intro-figures.png]
[toyfight.co/wp-content/themes/toybox/img/figures/tinified/who-figures.png]
[toyfight.co/wp-content/themes/toybox/img/figures/tinified/what-figures-jonny.png]
[toyfight.co/wp-content/themes/toybox/img/figures/tinified/what-figures-leigh.png]
[toyfight.co/wp-content/themes/toybox/img/figures/tinified/work-figures.png]
[toyfight.co/wp-content/themes/toybox/css/header.css]
[toyfight.co/wp-content/themes/toybox/img/figures/hand-cursor.png]
[toyfight.co/wp-json/oembed/1.0/embed9f80.json]
[toyfight.co/wp-json/oembed/1.0/embed1401]
[toyfight.co/who/index.html]
[toyfight.co/wp-json/oembed/1.0/embed8919.json]
[toyfight.co/wp-json/oembed/1.0/embedc05e]
[toyfight.co/what/index.html]
[toyfight.co/wp-json/oembed/1.0/embed9802.json]
[toyfight.co/wp-json/oembed/1.0/embedb93e]
[toyfight.co/wp-content/uploads/2018/09/image-toggl.png]
[toyfight.co/wp-content/uploads/2018/09/image-nerd-1.png]
[toyfight.co/wp-content/uploads/2018/09/image-open-continents-1.png]
[toyfight.co/wp-content/uploads/2018/09/image-candid-1.png]
[toyfight.co/wp-content/uploads/2018/09/image-jf-1.png]
[toyfight.co/wp-content/uploads/2018/09/image-eddie.png]
[toyfight.co/work/open-continents/index.html]
[toyfight.co/wp-content/uploads/2018/09/image-arts-council-1.png]
[toyfight.co/wp-content/uploads/2018/08/image-psg.png]
[toyfight.co/wp-content/uploads/2018/09/image-salomon-1.png]
[toyfight.co/wp-content/uploads/2018/09/image-v76.png]
[toyfight.co/work/index.html]
[toyfight.co/work/candid/index.html]
[toyfight.co/work/journey-further/index.html]
[toyfight.co/wp-json/oembed/1.0/embed9d6f.json]
[toyfight.co/work/eddie/index.html]
[toyfight.co/work/arts-council/index.html]
[toyfight.co/wp-json/oembed/1.0/embed6e5e]
[toyfight.co/wp-content/uploads/2018/09/nerd-intro-2500x955.jpg]
[toyfight.co/work/psg/index.html]
[toyfight.co/wp-content/uploads/2018/09/nerd-2-1920x8488.jpg]
[toyfight.co/wp-content/uploads/2018/09/nerd-3-1920x9208.jpg]
[toyfight.co/wp-content/uploads/2018/09/nerd-4-2500x1588.jpg]
[toyfight.co/wp-content/uploads/2018/09/nerd-5-1920x6365.jpg]
[toyfight.co/work/salomon/index.html]
[toyfight.co/wp-content/uploads/2018/09/nerd-6-800x1075.png]
[toyfight.co/wp-content/uploads/2018/09/nerd-7-2500x2354.jpg]
[toyfight.co/wp-content/uploads/2018/09/nerd-type-new-1920x1776.png]
[toyfight.co/wp-content/uploads/2018/09/nerd-footer-2500x794.jpg]
[toyfight.co/work/nerd/index.html]
[toyfight.co/wp-json/oembed/1.0/embed652c.json]
[toyfight.co/work/v76-by-vaughn/index.html]
[toyfight.co/wp-json/oembed/1.0/embedee48]
[toyfight.co/wp-content/uploads/2018/09/toggldog-2500x955.jpg]
[toyfight.co/wp-content/uploads/2018/09/toggl-home-1920x7952.jpg]
[toyfight.co/wp-content/uploads/2018/09/togglfullwidth-2500x1588.jpg]
[toyfight.co/wp-content/uploads/2018/09/toggl-characters-2500x1588.jpg]
[toyfight.co/wp-content/uploads/2018/09/toggl-features-1920x3997.jpg]
[toyfight.co/wp-content/uploads/2018/09/toggl-pricing-1920x4343.jpg]
[toyfight.co/wp-content/uploads/2018/09/toggl-404-2500x1588.jpg]
[toyfight.co/wp-content/uploads/2018/09/toggl-mobile.png]
[toyfight.co/wp-content/uploads/2018/09/toggl-mobile-screens-2500x2354.jpg]
[toyfight.co/wp-content/uploads/2018/09/toggl-error-2500x1588.jpg]
[toyfight.co/wp-content/uploads/2018/09/toggle-type-new-1920x1772.png]
[toyfight.co/wp-content/uploads/2018/09/toggl-footer-2500x794.jpg]
[toyfight.co/work/toggl/index.html]
[toyfight.co/wp-content/themes/toybox/fonts/GT-Sectra-Book.html]
[toyfight.co/wp-content/themes/toybox/fonts/GT-Sectra-Display-Bold.html]
[toyfight.co/wp-content/themes/toybox/fonts/f37ginger-regular-webfont.svg]
[toyfight.co/wp-content/themes/toybox/fonts/f37ginger-bold-webfont.svg]
[toyfight.co/wp-content/themes/toybox/img/ui/arrow.svg]
[toyfight.co/wp-content/themes/toybox/img/ui/arrow-head-white.svg]
[toyfight.co/wp-content/themes/toybox/img/ui/arrow-head-black.svg]
[toyfight.co/wp-content/themes/toybox/img/ui/icon-mail.svg]
[toyfight.co/wp-content/themes/toybox/img/ui/icon-twitter.svg]
[toyfight.co/wp-content/themes/toybox/img/ui/icon-behance.svg]
[toyfight.co/wp-content/themes/toybox/img/ui/icon-dribbble.svg]
[toyfight.co/wp-content/themes/toybox/img/ui/icon-linkedin.svg]
[toyfight.co/wp-content/themes/toybox/img/ui/wiggle-white.svg]
[toyfight.co/wp-content/themes/toybox/img/ui/toyfight-logo.svg]
[toyfight.co/wp-content/themes/toybox/img/ui/logo/toyfight-word/t/t-h-1.svg]
[toyfight.co/wp-content/themes/toybox/img/ui/logo/toyfight-word/t/t-v-1.svg]
[toyfight.co/wp-content/themes/toybox/img/ui/logo/toyfight-word/t/t-d-1.svg]
[toyfight.co/wp-content/themes/toybox/img/ui/logo/toyfight-word/o/o-v-1.svg]
[toyfight.co/wp-content/themes/toybox/img/ui/logo/toyfight-word/o/o-h-1.svg]
[toyfight.co/wp-content/themes/toybox/img/ui/logo/toyfight-word/o/o-v-2.svg]
[toyfight.co/wp-content/themes/toybox/img/ui/logo/toyfight-word/o/o-d-1.svg]
[toyfight.co/wp-content/themes/toybox/img/ui/logo/toyfight-word/y/y-v-1.svg]
[toyfight.co/wp-content/themes/toybox/img/ui/logo/toyfight-word/y/y-d-1.svg]
[toyfight.co/wp-content/themes/toybox/img/ui/logo/toyfight-word/y/y-v-2.svg]
[toyfight.co/wp-content/themes/toybox/img/ui/logo/toyfight-word/y/y-d-2.svg]
[toyfight.co/wp-content/themes/toybox/img/ui/logo/toyfight-word/f/f-h-1.svg]
[toyfight.co/wp-content/themes/toybox/img/ui/logo/toyfight-word/f/f-v-1.svg]
[toyfight.co/wp-content/themes/toybox/img/ui/logo/toyfight-word/f/f-h-2.svg]
[toyfight.co/wp-content/themes/toybox/img/ui/logo/toyfight-word/i/i-v-1.svg]
[toyfight.co/wp-content/themes/toybox/img/ui/logo/toyfight-word/i/i-d-1.svg]
[toyfight.co/wp-content/themes/toybox/img/ui/logo/toyfight-word/g/g-v-1.svg]
[toyfight.co/wp-content/themes/toybox/img/ui/logo/toyfight-word/g/g-d-1.svg]
[toyfight.co/wp-content/themes/toybox/img/ui/logo/toyfight-word/g/g-h-1.svg]
[toyfight.co/wp-content/themes/toybox/img/ui/logo/toyfight-word/g/g-v-2.svg]
[toyfight.co/wp-content/themes/toybox/img/ui/logo/toyfight-word/g/g-h-2.svg]
[toyfight.co/wp-content/themes/toybox/img/ui/logo/toyfight-word/g/g-d-2.svg]
[toyfight.co/wp-content/themes/toybox/img/ui/logo/toyfight-word/h/h-v-1.svg]
[toyfight.co/wp-content/themes/toybox/img/ui/logo/toyfight-word/h/h-d-1.svg]
[toyfight.co/wp-content/themes/toybox/img/ui/logo/toyfight-word/h/h-v-2.svg]
[toyfight.co/wp-content/themes/toybox/img/ui/logo/toyfight-word/h/h-d-2.svg]
[toyfight.co/wp-content/themes/toybox/img/ui/logo/toyfight-word/t2/t2-v-1.svg]
[toyfight.co/wp-content/themes/toybox/img/ui/logo/toyfight-word/t2/t2-h-1.svg]
[toyfight.co/wp-content/themes/toybox/img/ui/logo/toyfight-word/t2/t2-d-1.svg]
[toyfight.co/wp-content/themes/toybox/img/ui/logo/toyfight-word/slash.svg]
[toyfight.co/wp-content/themes/toybox/img/ui/logo/toyfight-word/rights.svg]
[toyfight.co/wp-content/themes/toybox/img/ui/colors/intro/icon-mail.svg]
[toyfight.co/wp-content/themes/toybox/img/ui/colors/intro/icon-twitter.svg]
[toyfight.co/wp-content/themes/toybox/img/ui/colors/intro/icon-behance.svg]
[toyfight.co/wp-content/themes/toybox/img/ui/colors/intro/icon-dribbble.svg]
[toyfight.co/wp-content/themes/toybox/img/ui/colors/intro/icon-linkedin.svg]
[toyfight.co/wp-content/themes/toybox/img/ui/colors/who/icon-mail.svg]
[toyfight.co/wp-content/themes/toybox/img/ui/colors/who/icon-twitter.svg]
[toyfight.co/wp-content/themes/toybox/img/ui/colors/who/icon-behance.svg]
[toyfight.co/wp-content/themes/toybox/img/ui/colors/who/icon-dribbble.svg]
[toyfight.co/wp-content/themes/toybox/img/ui/colors/who/icon-linkedin.svg]
[toyfight.co/wp-content/themes/toybox/img/ui/colors/what/icon-mail.svg]
[toyfight.co/wp-content/themes/toybox/img/ui/colors/what/icon-twitter.svg]
[toyfight.co/wp-content/themes/toybox/img/ui/colors/what/icon-behance.svg]
[toyfight.co/wp-content/themes/toybox/img/ui/colors/what/icon-dribbble.svg]
[toyfight.co/wp-content/themes/toybox/img/ui/colors/what/icon-linkedin.svg]
[toyfight.co/wp-content/themes/toybox/img/ui/colors/work/icon-mail.svg]
[toyfight.co/wp-content/themes/toybox/img/ui/colors/work/icon-twitter.svg]
[toyfight.co/wp-content/themes/toybox/img/ui/colors/work/icon-behance.svg]
[toyfight.co/wp-content/themes/toybox/img/ui/colors/work/icon-dribbble.svg]
[toyfight.co/wp-content/themes/toybox/img/ui/colors/work/icon-linkedin.svg]
[toyfight.co/wp-content/themes/toybox/img/ui/wiggle-who.svg]
[toyfight.co/wp-content/themes/toybox/img/ui/wiggle-what.svg]
[toyfight.co/wp-content/themes/toybox/img/ui/wiggle-work.svg]
[toyfight.co/wp-content/themes/toybox/img/ui/sound-icon-white-muted.svg]
[toyfight.co/wp-content/themes/toybox/img/ui/sound-icon-white.svg]
[toyfight.co/wp-content/themes/toybox/img/ui/sound-icon-muted.svg]
[toyfight.co/wp-content/themes/toybox/img/ui/sound-icon.svg]
[toyfight.co/wp-content/themes/toybox/img/ui/logo/tf-white.svg]
[toyfight.co/wp-content/themes/toybox/img/ui/logo/tf-black.svg]
[toyfight.co/indexb5fb.html]
[toyfight.co/index5757.html]
[toyfight.co/wp-content/themes/toybox/img/perch-content/client-logos/city.svg]
[toyfight.co/wp-content/themes/toybox/img/perch-content/client-logos/wework.svg]
[toyfight.co/wp-content/themes/toybox/img/perch-content/client-logos/arts-council.svg]
[toyfight.co/wp-content/themes/toybox/img/perch-content/client-logos/nerd.svg]
[toyfight.co/wp-content/themes/toybox/img/perch-content/client-logos/beats.svg]
[toyfight.co/wp-content/themes/toybox/img/perch-content/client-logos/google.svg]
[toyfight.co/wp-content/themes/toybox/img/perch-content/client-logos/adidas.svg]
[toyfight.co/wp-content/themes/toybox/img/perch-content/client-logos/coca-cola.svg]
[toyfight.co/wp-content/themes/toybox/img/perch-content/client-logos/salomon.svg]
[toyfight.co/wp-content/themes/toybox/img/perch-content/client-logos/omega.svg]
[toyfight.co/wp-content/themes/toybox/img/perch-content/client-logos/fx.svg]
[toyfight.co/wp-content/themes/toybox/img/perch-content/client-logos/verizon.svg]
[toyfight.co/wp-content/themes/toybox/img/perch-content/client-logos/paris.svg]
[toyfight.co/wp-content/themes/toybox/img/perch-content/client-logos/chanel.svg]
[toyfight.co/wp-content/themes/toybox/img/perch-content/client-logos/warner.svg]
[toyfight.co/wp-content/themes/toybox/img/perch-content/client-logos/chrome.svg]
[toyfight.co/wp-content/themes/toybox/img/perch-content/client-logos/playstation.svg]
[toyfight.co/wp-content/themes/toybox/img/perch-content/client-logos/netflix.svg]
[toyfight.co/wp-content/themes/toybox/img/perch-content/client-logos/sennheiser.svg]
[toyfight.co/wp-content/themes/toybox/img/perch-content/client-logos/lexus.svg]
[toyfight.co/wp-content/themes/toybox/img/perch-content/client-logos/volcom.svg]
[toyfight.co/wp-content/themes/toybox/img/perch-content/client-logos/toggl.svg]
[toyfight.co/wp-content/themes/toybox/img/perch-content/client-logos/taco-bell.svg]
[toyfight.co/wp-content/themes/toybox/img/perch-content/client-logos/v76.svg]
[toyfight.co/wp-content/themes/toybox/img/perch-content/client-logos/tag.svg]
[toyfight.co/index2dc4.html]
[toyfight.co/wp-json/oembed/1.0/embedc0d4.json]
[toyfight.co/wp-json/oembed/1.0/embedfb43]
[toyfight.co/wp-content/uploads/2018/09/starfield-2500x955.jpg]
[toyfight.co/wp-content/uploads/2018/09/home-1920x1173.jpg]
[toyfight.co/wp-content/uploads/2018/09/case-studies-1920x1173.jpg]
[toyfight.co/wp-content/uploads/2018/09/single-1920x1173.jpg]
[toyfight.co/wp-content/uploads/2018/09/open-continents-2500x1588.jpg]
[toyfight.co/wp-content/uploads/2018/09/mobile-2500x2354.jpg]
[toyfight.co/wp-content/uploads/2018/09/oc-type-new-1920x1776.png]
[toyfight.co/wp-content/uploads/2018/09/footer-2500x794.jpg]
[toyfight.co/work/open-continents/index.html]
[toyfight.co/wp-json/oembed/1.0/embed0715.json]
[toyfight.co/wp-json/oembed/1.0/embedee44]
[toyfight.co/wp-content/uploads/2018/09/candid-2500x955.jpg]
[toyfight.co/wp-content/uploads/2018/09/candid-home-1920x6974.jpg]
[toyfight.co/wp-content/uploads/2018/09/candid-video-2500x1526.jpg]
[toyfight.co/wp-content/uploads/2018/09/candid-1-1920x7539.jpg]
[toyfight.co/wp-content/uploads/2018/09/candid-survey-1-1920x1346.jpg]
[toyfight.co/wp-content/uploads/2018/09/candid-survey-2-1920x1346.jpg]
[toyfight.co/wp-content/uploads/2018/09/candid-boxes-2500x1350.jpg]
[toyfight.co/wp-content/uploads/2018/09/candid-phone-800x1167.png]
[toyfight.co/wp-content/uploads/2018/09/candid-mobiles-2500x2430.jpg]
[toyfight.co/wp-content/uploads/2018/09/candid-typography-1920x1779.png]
[toyfight.co/wp-content/uploads/2018/09/candid-footer-2500x794.jpg]
[toyfight.co/work/candid/index.html]
[toyfight.co/wp-json/oembed/1.0/embedaad0.json]
[toyfight.co/wp-json/oembed/1.0/embedc239]
[toyfight.co/wp-content/uploads/2018/09/jf-1980x756.jpg]
[toyfight.co/wp-content/uploads/2018/09/jf-home-1500x3313.jpg]
[toyfight.co/wp-content/uploads/2018/09/jf-team-1500x6272.jpg]
[toyfight.co/wp-content/uploads/2018/09/jf-about-1500x3883.jpg]
[toyfight.co/wp-content/uploads/2018/09/jf-work-1980x1258.jpg]
[toyfight.co/wp-content/uploads/2018/09/jf-shortcut-1500x940.jpg]
[toyfight.co/wp-content/uploads/2018/09/jf-case-study-1500x3727.jpg]
[toyfight.co/wp-content/uploads/2018/09/jf-mobile-1980x1864.jpg]
[toyfight.co/wp-content/uploads/2018/09/jf-type-new-1920x1775.png]
[toyfight.co/work/journey-further/index.html]
[toyfight.co/wp-content/uploads/2018/09/jf-footer-1980x629.jpg]
[toyfight.co/wp-json/oembed/1.0/embed7dd7.json]
[toyfight.co/wp-json/oembed/1.0/embedc107]
[toyfight.co/wp-content/uploads/2018/09/eddie-1980x756.jpg]
[toyfight.co/wp-content/uploads/2018/09/eddie-home-1500x3308.jpg]
[toyfight.co/wp-content/uploads/2018/09/eddie-chat-1500x1295.jpg]
[toyfight.co/wp-content/uploads/2018/09/eddie-about-1500x2790.jpg]
[toyfight.co/wp-content/uploads/2018/09/eddie-illustration1-1980x1258.jpg]
[toyfight.co/wp-content/uploads/2018/09/eddie-illustration2-1980x1258.jpg]
[toyfight.co/wp-content/uploads/2018/09/eddie-illustration3-1980x1258.jpg]
[toyfight.co/wp-content/uploads/2018/09/eddie-illustration4-1980x1258.jpg]
[toyfight.co/wp-content/uploads/2018/09/eddie-illustration5-1980x1258.jpg]
[toyfight.co/wp-content/uploads/2018/09/eddie-illustration6-1980x1258.jpg]
[toyfight.co/wp-content/uploads/2018/09/eddie-illustration7-1980x1258.jpg]
[toyfight.co/wp-content/uploads/2018/09/eddie-mobile-1980x1864.jpg]
[toyfight.co/wp-content/uploads/2018/09/eddie-brand-1980x1258.jpg]
[toyfight.co/wp-content/uploads/2018/09/eddie-type-new-1920x1769.png]
[toyfight.co/wp-content/uploads/2018/09/eddie-footer-1980x629.jpg]
[toyfight.co/work/eddie/index.html]
[toyfight.co/wp-json/oembed/1.0/embed9ba9.json]
[toyfight.co/wp-json/oembed/1.0/embed5293]
[toyfight.co/wp-content/uploads/2018/09/arts-council-header-2500x955.jpg]
[toyfight.co/wp-content/uploads/2018/09/arts-council-1-1920x7058.jpg]
[toyfight.co/wp-content/uploads/2018/09/arts-council-2-1920x4312.jpg]
[toyfight.co/wp-content/uploads/2018/09/arts-council-phone-800x1178.png]
[toyfight.co/wp-content/uploads/2018/09/arts-council-3-2500x2354.jpg]
[toyfight.co/wp-content/uploads/2018/09/arts-council-4-2500x1854.jpg]
[toyfight.co/wp-content/uploads/2018/09/arts-council-5-1920x3564.jpg]
[toyfight.co/wp-content/uploads/2018/09/ace-type-new-1920x1775.png]
[toyfight.co/wp-content/uploads/2018/09/arts-council-footer-2500x794.jpg]
[toyfight.co/work/arts-council/index.html]
[toyfight.co/wp-json/oembed/1.0/embedbcf4.json]
[toyfight.co/wp-json/oembed/1.0/embed59a1]
[toyfight.co/wp-content/uploads/2018/09/psg-players-2500x955.jpg]
[toyfight.co/wp-content/uploads/2018/09/home-1-1920x6606.jpg]
[toyfight.co/wp-content/uploads/2018/09/psg-game-2500x1588.jpg]
[toyfight.co/wp-content/uploads/2018/09/psg-player-1920x5537.jpg]
[toyfight.co/wp-content/uploads/2018/09/psg-article-1920x2863.jpg]
[toyfight.co/wp-content/uploads/2018/09/psg-live-2500x1588.jpg]
[toyfight.co/wp-content/uploads/2018/09/psg-story-1920x4306.jpg]
[toyfight.co/wp-content/uploads/2018/09/psg-footer-2500x794.jpg]
[toyfight.co/work/psg/index.html]
[toyfight.co/wp-json/oembed/1.0/embedc664.json]
[toyfight.co/wp-json/oembed/1.0/embedfd5c]
[toyfight.co/wp-content/uploads/2018/09/salomon-1-2500x955.jpg]
[toyfight.co/wp-content/uploads/2018/09/salomon-2-1920x8000.jpg]
[toyfight.co/wp-content/uploads/2018/09/salomon-3-2500x1588.jpg]
[toyfight.co/wp-content/uploads/2018/09/salomon-4-2500x1588.jpg]
[toyfight.co/wp-content/uploads/2018/09/salomon-5-1920x7783.jpg]
[toyfight.co/wp-content/uploads/2018/09/salomon-6-2500x1588.jpg]
[toyfight.co/wp-content/uploads/2018/09/salomon-7-2500x1588.jpg]
[toyfight.co/wp-content/uploads/2018/09/salomon-typography-1920x1775.png]
[toyfight.co/work/salomon/index.html]
[toyfight.co/wp-content/uploads/2018/09/salomon-footer-2500x794.jpg]
[toyfight.co/wp-json/oembed/1.0/embed3a05.json]
[toyfight.co/wp-json/oembed/1.0/embeddd42]
[toyfight.co/wp-content/uploads/2018/08/v76-header-2500x955.jpg]
[toyfight.co/wp-content/uploads/2018/08/img-1-1920x1418.jpg]
[toyfight.co/wp-content/uploads/2018/08/full-img-1-1980x1186.jpg]
[toyfight.co/wp-content/uploads/2018/08/car1-1-2500x1588.jpg]
[toyfight.co/wp-content/uploads/2018/08/car1-2-2500x1588.jpg]
[toyfight.co/wp-content/uploads/2018/08/car1-3-2500x1588.jpg]
[toyfight.co/wp-content/uploads/2018/08/mobile-solo-3-800x700.png]
[toyfight.co/wp-content/uploads/2018/08/full-img-2-1-1980x1185.jpg]
[toyfight.co/wp-content/uploads/2018/08/car2-2-1980x1258.jpg]
[toyfight.co/wp-content/uploads/2018/08/car2-1-1980x1258.jpg]
[toyfight.co/wp-content/uploads/2018/08/car2-9-1980x1258.jpg]
[toyfight.co/wp-content/uploads/2018/08/car2-8-1980x1258.jpg]
[toyfight.co/wp-content/uploads/2018/08/car2-7-1980x1258.jpg]
[toyfight.co/wp-content/uploads/2018/08/car2-5-1980x1258.jpg]
[toyfight.co/wp-content/uploads/2018/08/car2-4-1980x1258.jpg]
[toyfight.co/wp-content/uploads/2018/08/car2-3-1980x1258.jpg]
[toyfight.co/wp-content/uploads/2018/08/full-img-3-1-2500x1291.jpg]
[toyfight.co/wp-content/uploads/2018/08/full-img-3b-2500x1104.jpg]
[toyfight.co/wp-content/uploads/2018/08/full-img-4-2500x1349.jpg]
[toyfight.co/wp-content/uploads/2018/08/img-2-1920x1600.jpg]
[toyfight.co/wp-content/uploads/2018/08/type-1-1920x2423.png]
[toyfight.co/wp-content/uploads/2018/08/footer-1-1980x629.jpg]
[toyfight.co/work/v76-by-vaughn/index.html]
[toyfight.co/index820e.html]
[toyfight.co/indexbbc7.html]
[toyfight.co/index6cd9.html]
[toyfight.co/indexd89d.html]
[toyfight.co/indexec4a.html]
[toyfight.co/indexdc0d.html]
[toyfight.co/index7d3e.html]
[toyfight.co/indexe1a1.html]
[toyfight.co/indexa853.html]
[toyfight.co/indexd8eb.html]
